<?xml version="1.0" encoding="utf-8"?>
<TestRun id="8c0d9637-278f-4b49-b4fa-360e8cf66941" name="sven@DESKTOP-J8BOK3K 2024-06-06 00:37:14" runUser="DESKTOP-J8BOK3K\sven" xmlns="http://microsoft.com/schemas/VisualStudio/TeamTest/2010">
  <Times creation="2024-06-06T00:37:14.8229087+02:00" queuing="2024-06-06T00:37:14.8229089+02:00" start="2024-06-06T00:37:14.2385663+02:00" finish="2024-06-06T00:37:14.8262160+02:00" />
  <TestSettings name="default" id="d692f9ae-3193-417e-ab2a-5f3c8de3f8d1">
    <Deployment runDeploymentRoot="sven_DESKTOP-J8BOK3K_2024-06-06_00_37_14" />
  </TestSettings>
  <Results>
    <UnitTestResult executionId="8b11882a-f26d-43bc-b492-722d478a6459" testId="d66a363c-3cac-4557-137b-96ed1244920d" testName="ResetMovies_ShouldResetMovieList" computerName="DESKTOP-J8BOK3K" duration="00:00:00.0013408" startTime="2024-06-06T00:37:14.7377500+02:00" endTime="2024-06-06T00:37:14.7399530+02:00" testType="13cdc9d9-ddb5-4fa4-a97d-d965ccfc6d4b" outcome="Passed" testListId="8c84fa94-04c1-424b-9868-57a2d4851a1d" relativeResultsDirectory="8b11882a-f26d-43bc-b492-722d478a6459" />
    <UnitTestResult executionId="54e246a3-27e4-48a4-bcf8-661663de2023" testId="d9c19421-e9bd-d0fe-91ff-17c9420f3599" testName="GetSelectedMovie_ShouldReturnCorrectMovie" computerName="DESKTOP-J8BOK3K" duration="00:00:00.1420826" startTime="2024-06-06T00:37:14.5846539+02:00" endTime="2024-06-06T00:37:14.7345907+02:00" testType="13cdc9d9-ddb5-4fa4-a97d-d965ccfc6d4b" outcome="Passed" testListId="8c84fa94-04c1-424b-9868-57a2d4851a1d" relativeResultsDirectory="54e246a3-27e4-48a4-bcf8-661663de2023" />
  </Results>
  <TestDefinitions>
    <UnitTest name="ResetMovies_ShouldResetMovieList" storage="c:\users\sven\school\turbo-cinema\turbocinema.tests\bin\debug\net8.0\turbocinema.tests.dll" id="d66a363c-3cac-4557-137b-96ed1244920d">
      <Execution id="8b11882a-f26d-43bc-b492-722d478a6459" />
      <TestMethod codeBase="C:\Users\sven\school\Turbo-cinema\TurboCinema.Tests\bin\Debug\net8.0\TurboCinema.Tests.dll" adapterTypeName="executor://mstestadapter/v2" className="TurboCinema.Tests.MovieSelectorTests" name="ResetMovies_ShouldResetMovieList" />
    </UnitTest>
    <UnitTest name="GetSelectedMovie_ShouldReturnCorrectMovie" storage="c:\users\sven\school\turbo-cinema\turbocinema.tests\bin\debug\net8.0\turbocinema.tests.dll" id="d9c19421-e9bd-d0fe-91ff-17c9420f3599">
      <Execution id="54e246a3-27e4-48a4-bcf8-661663de2023" />
      <TestMethod codeBase="C:\Users\sven\school\Turbo-cinema\TurboCinema.Tests\bin\Debug\net8.0\TurboCinema.Tests.dll" adapterTypeName="executor://mstestadapter/v2" className="TurboCinema.Tests.MovieSelectorTests" name="GetSelectedMovie_ShouldReturnCorrectMovie" />
    </UnitTest>
  </TestDefinitions>
  <TestEntries>
    <TestEntry testId="d66a363c-3cac-4557-137b-96ed1244920d" executionId="8b11882a-f26d-43bc-b492-722d478a6459" testListId="8c84fa94-04c1-424b-9868-57a2d4851a1d" />
    <TestEntry testId="d9c19421-e9bd-d0fe-91ff-17c9420f3599" executionId="54e246a3-27e4-48a4-bcf8-661663de2023" testListId="8c84fa94-04c1-424b-9868-57a2d4851a1d" />
  </TestEntries>
  <TestLists>
    <TestList name="Results Not in a List" id="8c84fa94-04c1-424b-9868-57a2d4851a1d" />
    <TestList name="All Loaded Results" id="19431567-8539-422a-85d7-44ee4e166bda" />
  </TestLists>
  <ResultSummary outcome="Completed">
    <Counters total="2" executed="2" passed="2" failed="0" error="0" timeout="0" aborted="0" inconclusive="0" passedButRunAborted="0" notRunnable="0" notExecuted="0" disconnected="0" warning="0" completed="0" inProgress="0" pending="0" />
  </ResultSummary>
</TestRun>